0 info it worked if it ends with ok
1 verbose cli [ 'node',
1 verbose cli   '/home/rober/Escritorio/node-v6.9.5-linux-x64/bin/npm',
1 verbose cli   'run',
1 verbose cli   'start' ]
2 info using npm@3.10.10
3 info using node@v0.10.25
4 verbose node symlink /usr/bin/node
5 verbose run-script [ 'prestart', 'start', 'poststart' ]
6 info lifecycle angular-quickstart@1.0.0~prestart: angular-quickstart@1.0.0
7 verbose lifecycle angular-quickstart@1.0.0~prestart: unsafe-perm in lifecycle true
8 verbose lifecycle angular-quickstart@1.0.0~prestart: PATH: /home/rober/Escritorio/node-v6.9.5-linux-x64/lib/node_modules/npm/bin/node-gyp-bin:/home/rober/ejer1/node_modules/.bin:/usr/local/sbin:/usr/local/bin:/usr/sbin:/usr/bin:/sbin:/bin:/usr/games:/usr/local/games
9 verbose lifecycle angular-quickstart@1.0.0~prestart: CWD: /home/rober/ejer1
10 silly lifecycle angular-quickstart@1.0.0~prestart: Args: [ '-c', 'npm run build' ]
11 silly lifecycle angular-quickstart@1.0.0~prestart: Returned: code: 0  signal: null
12 info lifecycle angular-quickstart@1.0.0~start: angular-quickstart@1.0.0
13 verbose lifecycle angular-quickstart@1.0.0~start: unsafe-perm in lifecycle true
14 verbose lifecycle angular-quickstart@1.0.0~start: PATH: /home/rober/Escritorio/node-v6.9.5-linux-x64/lib/node_modules/npm/bin/node-gyp-bin:/home/rober/ejer1/node_modules/.bin:/usr/local/sbin:/usr/local/bin:/usr/sbin:/usr/bin:/sbin:/bin:/usr/games:/usr/local/games
15 verbose lifecycle angular-quickstart@1.0.0~start: CWD: /home/rober/ejer1
16 silly lifecycle angular-quickstart@1.0.0~start: Args: [ '-c', 'concurrently "npm run build:watch" "npm run serve"' ]
17 silly lifecycle angular-quickstart@1.0.0~start: Returned: code: 8  signal: null
18 info lifecycle angular-quickstart@1.0.0~start: Failed to exec start script
19 verbose stack Error: angular-quickstart@1.0.0 start: `concurrently "npm run build:watch" "npm run serve"`
19 verbose stack Exit status 8
19 verbose stack     at EventEmitter.<anonymous> (/home/rober/Escritorio/node-v6.9.5-linux-x64/lib/node_modules/npm/lib/utils/lifecycle.js:255:16)
19 verbose stack     at EventEmitter.emit (events.js:98:17)
19 verbose stack     at ChildProcess.<anonymous> (/home/rober/Escritorio/node-v6.9.5-linux-x64/lib/node_modules/npm/lib/utils/spawn.js:40:14)
19 verbose stack     at ChildProcess.EventEmitter.emit (events.js:98:17)
19 verbose stack     at maybeClose (child_process.js:743:16)
19 verbose stack     at Process.ChildProcess._handle.onexit (child_process.js:810:5)
20 verbose pkgid angular-quickstart@1.0.0
21 verbose cwd /home/rober/ejer1
22 error Linux 3.13.0-108-generic
23 error argv "node" "/home/rober/Escritorio/node-v6.9.5-linux-x64/bin/npm" "run" "start"
24 error node v0.10.25
25 error npm  v3.10.10
26 error code ELIFECYCLE
27 error angular-quickstart@1.0.0 start: `concurrently "npm run build:watch" "npm run serve"`
27 error Exit status 8
28 error Failed at the angular-quickstart@1.0.0 start script 'concurrently "npm run build:watch" "npm run serve"'.
28 error Make sure you have the latest version of node.js and npm installed.
28 error If you do, this is most likely a problem with the angular-quickstart package,
28 error not with npm itself.
28 error Tell the author that this fails on your system:
28 error     concurrently "npm run build:watch" "npm run serve"
28 error You can get information on how to open an issue for this project with:
28 error     npm bugs angular-quickstart
28 error Or if that isn't available, you can get their info via:
28 error     npm owner ls angular-quickstart
28 error There is likely additional logging output above.
29 verbose exit [ 1, true ]
